<!DOCTYPE html PUBLIC "-//W3C//DTD XHTML 1.1//EN" "http://www.w3.org/TR/xhtml11/DTD/xhtml11.dtd">
<html xmlns="http://www.w3.org/1999/xhtml">
<head>
<meta http-equiv="content-type" content="text/html; charset=UTF-8"/>
<title>TestNG Report</title>
<style type="text/css">table {margin-bottom:10px;border-collapse:collapse;empty-cells:show}th,td {border:1px solid #009;padding:.25em .5em}th {vertical-align:bottom}td {vertical-align:top}table a {font-weight:bold}.stripe td {background-color: #E6EBF9}.num {text-align:right}.passedodd td {background-color: #3F3}.passedeven td {background-color: #0A0}.skippedodd td {background-color: #DDD}.skippedeven td {background-color: #CCC}.failedodd td,.attn {background-color: #F33}.failedeven td,.stripe .attn {background-color: #D00}.stacktrace {white-space:pre;font-family:monospace}.totop {font-size:85%;text-align:center;border-bottom:2px solid #000}.invisible {display:none}</style>
</head>
<body>
<table>
<tr><th>Test</th><th># Passed</th><th># Skipped</th><th># Failed</th><th>Time (ms)</th><th>Included Groups</th><th>Excluded Groups</th></tr>
<tr><th colspan="7">PHPTravels Customer Module Test Suite</th></tr>
<tr><td><a href="#t0">Customer Login Test</a></td><td class="num">1</td><td class="num">0</td><td class="num">0</td><td class="num">90,090</td><td></td><td></td></tr>
<tr class="stripe"><td><a href="#t1">Customer Access to denied section Test</a></td><td class="num">0</td><td class="num">0</td><td class="num attn">1</td><td class="num">73,642</td><td></td><td></td></tr>
<tr><td><a href="#t2">Hotel Booking Test</a></td><td class="num">1</td><td class="num">0</td><td class="num">0</td><td class="num">112,810</td><td></td><td></td></tr>
<tr class="stripe"><td><a href="#t3">Customer Profile Management Test</a></td><td class="num">1</td><td class="num">0</td><td class="num">0</td><td class="num">21,787</td><td></td><td></td></tr>
<tr><th>Total</th><th class="num">3</th><th class="num">0</th><th class="num attn">1</th><th class="num">298,329</th><th colspan="2"></th></tr>
</table>
<table id='summary'><thead><tr><th>Class</th><th>Method</th><th>Start</th><th>Time (ms)</th></tr></thead><tbody><tr><th colspan="4">PHPTravels Customer Module Test Suite</th></tr></tbody><tbody id="t0"><tr><th colspan="4">Customer Login Test &#8212; passed</th></tr><tr class="passedeven"><td rowspan="1">testrunners.CustomerLoginTest</td><td><a href="#m0">feature</a></td><td rowspan="1">1666020910006</td><td rowspan="1">89335</td></tr></tbody>
<tbody id="t1"><tr><th colspan="4">Customer Access to denied section Test &#8212; failed</th></tr><tr class="failedeven"><td rowspan="1">testrunners.CustomerLoginToInvalidSecs</td><td><a href="#m1">feature</a></td><td rowspan="1">1666020999812</td><td rowspan="1">73505</td></tr></tbody>
<tbody id="t2"><tr><th colspan="4">Hotel Booking Test &#8212; passed</th></tr><tr class="passedeven"><td rowspan="1">testrunners.BookHotelTest</td><td><a href="#m2">feature</a></td><td rowspan="1">1666021073476</td><td rowspan="1">112651</td></tr></tbody>
<tbody id="t3"><tr><th colspan="4">Customer Profile Management Test &#8212; passed</th></tr><tr class="passedeven"><td rowspan="1">testrunners.CustomerProfileManagementTest</td><td><a href="#m3">feature</a></td><td rowspan="1">1666021186269</td><td rowspan="1">21676</td></tr></tbody>
</table>
<h2>Customer Login Test</h2><h3 id="m0">testrunners.CustomerLoginTest#feature</h3><table class="result"><tr class="param"><th>Parameter #1</th></tr><tr class="param stripe"><td>Customer Login</td></tr></table><p class="totop"><a href="#summary">back to summary</a></p>
<h2>Customer Access to denied section Test</h2><h3 id="m1">testrunners.CustomerLoginToInvalidSecs#feature</h3><table class="result"><tr class="param"><th>Parameter #1</th></tr><tr class="param stripe"><td>Customer access to non-permitted sections</td></tr><tr><th>Exception</th></tr><tr><td><div class="stacktrace">cucumber.runtime.CucumberException: org.openqa.selenium.NoSuchElementException: no such element: Unable to locate element: {&quot;method&quot;:&quot;xpath&quot;,&quot;selector&quot;:&quot;/html/body/div[4]/div/div[2]/div[2]/div/div&quot;}
  (Session info: chrome=106.0.5249.119)
For documentation on this error, please visit: https://www.seleniumhq.org/exceptions/no_such_element.html
Build info: version: &apos;3.141.59&apos;, revision: &apos;e82be7d358&apos;, time: &apos;2018-11-14T08:17:03&apos;
System info: host: &apos;RANJITHA-PC&apos;, ip: &apos;192.168.18.174&apos;, os.name: &apos;Windows 10&apos;, os.arch: &apos;amd64&apos;, os.version: &apos;10.0&apos;, java.version: &apos;1.8.0_121&apos;
Driver info: org.openqa.selenium.chrome.ChromeDriver
Capabilities {acceptInsecureCerts: false, browserName: chrome, browserVersion: 106.0.5249.119, chrome: {chromedriverVersion: 106.0.5249.61 (511755355844..., userDataDir: C:\Users\MYPC~1\AppData\Loc...}, goog:chromeOptions: {debuggerAddress: localhost:60774}, javascriptEnabled: true, networkConnectionEnabled: false, pageLoadStrategy: normal, platform: WINDOWS, platformName: WINDOWS, proxy: Proxy(), setWindowRect: true, strictFileInteractability: false, timeouts: {implicit: 0, pageLoad: 300000, script: 30000}, unhandledPromptBehavior: dismiss and notify, webauthn:extension:credBlob: true, webauthn:extension:largeBlob: true, webauthn:virtualAuthenticators: true}
Session ID: 79effa7bbf5e7b7d9c7023af35177fcd
*** Element info: {Using=xpath, value=/html/body/div[4]/div/div[2]/div[2]/div/div}
	at cucumber.api.testng.TestNGCucumberRunner.runCucumber(TestNGCucumberRunner.java:69)
	at cucumber.api.testng.AbstractTestNGCucumberTests.feature(AbstractTestNGCucumberTests.java:21)
Caused by: org.openqa.selenium.NoSuchElementException: no such element: Unable to locate element: {&quot;method&quot;:&quot;xpath&quot;,&quot;selector&quot;:&quot;/html/body/div[4]/div/div[2]/div[2]/div/div&quot;}
  (Session info: chrome=106.0.5249.119)
For documentation on this error, please visit: https://www.seleniumhq.org/exceptions/no_such_element.html
Build info: version: &apos;3.141.59&apos;, revision: &apos;e82be7d358&apos;, time: &apos;2018-11-14T08:17:03&apos;
System info: host: &apos;RANJITHA-PC&apos;, ip: &apos;192.168.18.174&apos;, os.name: &apos;Windows 10&apos;, os.arch: &apos;amd64&apos;, os.version: &apos;10.0&apos;, java.version: &apos;1.8.0_121&apos;
Driver info: org.openqa.selenium.chrome.ChromeDriver
Capabilities {acceptInsecureCerts: false, browserName: chrome, browserVersion: 106.0.5249.119, chrome: {chromedriverVersion: 106.0.5249.61 (511755355844..., userDataDir: C:\Users\MYPC~1\AppData\Loc...}, goog:chromeOptions: {debuggerAddress: localhost:60774}, javascriptEnabled: true, networkConnectionEnabled: false, pageLoadStrategy: normal, platform: WINDOWS, platformName: WINDOWS, proxy: Proxy(), setWindowRect: true, strictFileInteractability: false, timeouts: {implicit: 0, pageLoad: 300000, script: 30000}, unhandledPromptBehavior: dismiss and notify, webauthn:extension:credBlob: true, webauthn:extension:largeBlob: true, webauthn:virtualAuthenticators: true}
Session ID: 79effa7bbf5e7b7d9c7023af35177fcd
*** Element info: {Using=xpath, value=/html/body/div[4]/div/div[2]/div[2]/div/div}
	at org.openqa.selenium.remote.http.W3CHttpResponseCodec.createException(W3CHttpResponseCodec.java:187)
	at org.openqa.selenium.remote.http.W3CHttpResponseCodec.decode(W3CHttpResponseCodec.java:122)
	at org.openqa.selenium.remote.http.W3CHttpResponseCodec.decode(W3CHttpResponseCodec.java:49)
	at org.openqa.selenium.remote.HttpCommandExecutor.execute(HttpCommandExecutor.java:158)
	at org.openqa.selenium.remote.service.DriverCommandExecutor.execute(DriverCommandExecutor.java:83)
	at org.openqa.selenium.remote.RemoteWebDriver.execute(RemoteWebDriver.java:552)
	at org.openqa.selenium.remote.RemoteWebDriver.findElement(RemoteWebDriver.java:323)
	at org.openqa.selenium.remote.RemoteWebDriver.findElementByXPath(RemoteWebDriver.java:428)
	at org.openqa.selenium.By$ByXPath.findElement(By.java:353)
	at org.openqa.selenium.remote.RemoteWebDriver.findElement(RemoteWebDriver.java:315)
	at stepdefinitions.CustomerLoginLibrary.valErrorMesDisplayed(CustomerLoginLibrary.java:210)
	at âœ½.Then I validate the error message displayed(featurefiles/custlogintoinvalidsection.feature:20)
... Removed 29 stack frames</div></td></tr></table><p class="totop"><a href="#summary">back to summary</a></p>
<h2>Hotel Booking Test</h2><h3 id="m2">testrunners.BookHotelTest#feature</h3><table class="result"><tr class="param"><th>Parameter #1</th></tr><tr class="param stripe"><td>Book Hotel</td></tr></table><p class="totop"><a href="#summary">back to summary</a></p>
<h2>Customer Profile Management Test</h2><h3 id="m3">testrunners.CustomerProfileManagementTest#feature</h3><table class="result"><tr class="param"><th>Parameter #1</th></tr><tr class="param stripe"><td>Check Customer Profile Management</td></tr></table><p class="totop"><a href="#summary">back to summary</a></p>
</body>
</html>
